<?xml version="1.0" encoding="UTF-8"?>
<!-- Generated by org.testng.reporters.JUnitReportReporter -->
<testsuite hostname="huhu" failures="0" tests="2" name="TestNG.Basics" time="0.015" errors="0" timestamp="2021-03-23T18:46:38 CET" skipped="0">
  <testcase classname="TestNG.Basics" name="Demo" time="0.011"/>
  <system-out/>
  <testcase classname="TestNG.Basics" name="SecondTest" time="0.004"/>
  <system-out/>
</testsuite> <!-- TestNG.Basics -->
