<?xml version="1.0" encoding="UTF-8"?>
<!-- Generated by org.testng.reporters.JUnitReportReporter -->
<testsuite hostname="huhu" failures="0" tests="3" name="TestNG.day2" time="0.003" errors="0" timestamp="2021-03-23T18:46:38 CET" skipped="0">
  <testcase classname="TestNG.day2" name="SecondTest" time="0.001"/>
  <system-out/>
  <testcase classname="TestNG.day2" name="SecondTest" time="0.001"/>
  <system-out/>
  <testcase classname="TestNG.day2" name="SecondTest" time="0.001"/>
  <system-out/>
</testsuite> <!-- TestNG.day2 -->
